<?xml version="1.0" encoding="UTF-8"?>
<testsuite xmlns:xsi="http://www.w3.org/2001/XMLSchema-instance" xsi:noNamespaceSchemaLocation="https://maven.apache.org/surefire/maven-surefire-plugin/xsd/surefire-test-report-3.0.xsd" version="3.0" name="uk.ac.ucl.shell.ShellTest" time="0.172" tests="1" errors="0" skipped="0" failures="0">
  <properties>
    <property name="java.specification.version" value="17"/>
    <property name="sun.cpu.isalist" value="amd64"/>
    <property name="sun.jnu.encoding" value="Cp1252"/>
    <property name="java.class.path" value="C:\Users\hubam\Desktop\UCL\CS 2nd Year\COMP0010 Software Engineering\java-shell-j3\target\test-classes;C:\Users\hubam\Desktop\UCL\CS 2nd Year\COMP0010 Software Engineering\java-shell-j3\target\classes;C:\Users\hubam\.m2\repository\junit\junit\4.12\junit-4.12.jar;C:\Users\hubam\.m2\repository\org\hamcrest\hamcrest-core\1.3\hamcrest-core-1.3.jar;C:\Users\hubam\.m2\repository\org\antlr\antlr4-runtime\4.7\antlr4-runtime-4.7.jar;"/>
    <property name="java.vm.vendor" value="Oracle Corporation"/>
    <property name="sun.arch.data.model" value="64"/>
    <property name="user.variant" value=""/>
    <property name="java.vendor.url" value="https://java.oracle.com/"/>
    <property name="user.timezone" value="Europe/London"/>
    <property name="os.name" value="Windows 11"/>
    <property name="java.vm.specification.version" value="17"/>
    <property name="sun.java.launcher" value="SUN_STANDARD"/>
    <property name="user.country" value="GB"/>
    <property name="sun.boot.library.path" value="C:\Users\hubam\.jdks\openjdk-17.0.2\bin"/>
    <property name="sun.java.command" value="C:\Users\hubam\AppData\Local\Temp\surefire8976055081006058495\surefirebooter-20221128161743976_3.jar C:\Users\hubam\AppData\Local\Temp\surefire8976055081006058495 2022-11-28T16-17-43_576-jvmRun1 surefire-20221128161743976_1tmp surefire_0-20221128161743976_2tmp"/>
    <property name="jdk.debug" value="release"/>
    <property name="surefire.test.class.path" value="C:\Users\hubam\Desktop\UCL\CS 2nd Year\COMP0010 Software Engineering\java-shell-j3\target\test-classes;C:\Users\hubam\Desktop\UCL\CS 2nd Year\COMP0010 Software Engineering\java-shell-j3\target\classes;C:\Users\hubam\.m2\repository\junit\junit\4.12\junit-4.12.jar;C:\Users\hubam\.m2\repository\org\hamcrest\hamcrest-core\1.3\hamcrest-core-1.3.jar;C:\Users\hubam\.m2\repository\org\antlr\antlr4-runtime\4.7\antlr4-runtime-4.7.jar;"/>
    <property name="sun.cpu.endian" value="little"/>
    <property name="user.home" value="C:\Users\hubam"/>
    <property name="user.language" value="en"/>
    <property name="java.specification.vendor" value="Oracle Corporation"/>
    <property name="java.version.date" value="2022-01-18"/>
    <property name="java.home" value="C:\Users\hubam\.jdks\openjdk-17.0.2"/>
    <property name="file.separator" value="\"/>
    <property name="basedir" value="C:\Users\hubam\Desktop\UCL\CS 2nd Year\COMP0010 Software Engineering\java-shell-j3"/>
    <property name="java.vm.compressedOopsMode" value="32-bit"/>
    <property name="line.separator" value="&#10;"/>
    <property name="java.vm.specification.vendor" value="Oracle Corporation"/>
    <property name="java.specification.name" value="Java Platform API Specification"/>
    <property name="surefire.real.class.path" value="C:\Users\hubam\AppData\Local\Temp\surefire8976055081006058495\surefirebooter-20221128161743976_3.jar"/>
    <property name="user.script" value=""/>
    <property name="sun.management.compiler" value="HotSpot 64-Bit Tiered Compilers"/>
    <property name="java.runtime.version" value="17.0.2+8-86"/>
    <property name="user.name" value="hubam"/>
    <property name="path.separator" value=";"/>
    <property name="os.version" value="10.0"/>
    <property name="java.runtime.name" value="OpenJDK Runtime Environment"/>
    <property name="file.encoding" value="Cp1252"/>
    <property name="java.vm.name" value="OpenJDK 64-Bit Server VM"/>
    <property name="localRepository" value="C:\Users\hubam\.m2\repository"/>
    <property name="java.vendor.url.bug" value="https://bugreport.java.com/bugreport/"/>
    <property name="java.io.tmpdir" value="C:\Users\hubam\AppData\Local\Temp\"/>
    <property name="idea.version" value="2021.3.3"/>
    <property name="java.version" value="17.0.2"/>
    <property name="user.dir" value="C:\Users\hubam\Desktop\UCL\CS 2nd Year\COMP0010 Software Engineering\java-shell-j3"/>
    <property name="os.arch" value="amd64"/>
    <property name="java.vm.specification.name" value="Java Virtual Machine Specification"/>
    <property name="sun.os.patch.level" value=""/>
    <property name="native.encoding" value="Cp1252"/>
    <property name="java.library.path" value="C:\Users\hubam\.jdks\openjdk-17.0.2\bin;C:\WINDOWS\Sun\Java\bin;C:\WINDOWS\system32;C:\WINDOWS;C:\Python310\Scripts\;C:\Python310\;C:\windows\system32;C:\windows;C:\windows\System32\Wbem;C:\windows\System32\WindowsPowerShell\v1.0\;C:\windows\System32\OpenSSH\;C:\Program Files (x86)\NVIDIA Corporation\PhysX\Common;C:\Program Files\NVIDIA Corporation\NVIDIA NvDLISR;C:\WINDOWS\system32;C:\WINDOWS;C:\WINDOWS\System32\Wbem;C:\WINDOWS\System32\WindowsPowerShell\v1.0\;C:\WINDOWS\System32\OpenSSH\;C:\MinGW\bin;C:\Program Files\Git\cmd;C:\ProgramData\chocolatey\bin;C:\Program Files\nodejs\;C:\Program Files\Docker\Docker\resources\bin;C:\ProgramData\DockerDesktop\version-bin;C:\Users\hubam\AppData\Local\Programs\Python\Python38\Scripts\;C:\Users\hubam\AppData\Local\Programs\Python\Python38\;C:\Users\hubam\AppData\Local\Programs\Python\Python39\Scripts\;C:\Users\hubam\AppData\Local\Programs\Python\Python39\;C:\Users\hubam\AppData\Local\Microsoft\WindowsApps;C:\Users\hubam\AppData\Local\Programs\Microsoft VS Code\bin;C:\Users\hubam\AppData\Local\GitHubDesktop\bin;C:\Users\hubam\AppData\Roaming\cabal\bin;C:\tools\ghc-9.2.1\bin;C:\tools\msys64;C:\Program Files\JetBrains\IntelliJ IDEA Community Edition 2021.3.1\bin;;C:\Users\hubam\.jdks\openjdk-17.0.1\bin;C:\Users\hubam\AppData\Roaming\npm;C:\Program Files\JetBrains\IntelliJ IDEA Educational Edition 2021.3.3\bin;;C:\Program Files\JetBrains\IntelliJ IDEA 2021.3.3\bin;;C:\Users\hubam\AppData\Local\Google\Cloud SDK\google-cloud-sdk\bin;."/>
    <property name="java.vm.info" value="mixed mode, sharing"/>
    <property name="java.vendor" value="Oracle Corporation"/>
    <property name="java.vm.version" value="17.0.2+8-86"/>
    <property name="sun.io.unicode.encoding" value="UnicodeLittle"/>
    <property name="java.class.version" value="61.0"/>
  </properties>
  <testcase name="testShell" classname="uk.ac.ucl.shell.ShellTest" time="0.125"/>
</testsuite>